[Tue Jun 16 08:00:03 KST 2026] morning-telegram 시작
3단계 모두 완료했습니다. ✅

## 모닝 브리핑 — 6/16(화) 요약

**1️⃣ 데이터 수집 & HTML 리포트** 생성·열기 완료
→ `40-personal/41-daily/2026-06/morning-2026-06-16.html`

**2️⃣ + 3️⃣ 텔레그램 체크리스트** 발송 완료 (message_id: 139)

---

### 핵심 항목

🔴 **긴급 처리 (3)**
- 김준호 입사 — 4대보험 자격취득 신고 / Workspace 메일계정 생성 (HR 자동봇)
- 고위드 카드 한도 82.9% — 선결제·한도 변경 검토

🟡 **회신 필요 (2)**
- 송의석 변리사 — 특허 명세서 초안 검토 후 회신 (수정/출원 결정)
- 한성민(WCIF) — 연사 연락처 회신

📅 **오늘 일정 (1)**
- 16:00–17:00 masi 미팅 (대표님·은정·지혜·나연) @올드타운

💰 **송금 알림**
- 6/19(금) 구리창고2 임대료 **2,750,000원** → 문재승(서연창고), 우리은행 100-5603-163846 *(전자세금계산서 수취 후 이체)*

---

⚠️ **참고 — 내일(6/17) 일정 충돌**: 부산 커피 위크 미팅(14:00–15:00)과 삼성 강의 'SVP 승격입문과정'(14:30–15:30)이 겹칩니다. 조정이 필요해 보여 리포트에 표시해 두었습니다.
[Tue Jun 16 08:02:53 KST 2026] morning-telegram 완료
