[Sun Jun 28 14:46:16 KST 2026] morning-telegram 시작
3단계 모두 완료했습니다.

## ✅ 완료 보고

**1단계 — 모닝 브리핑 수집 & HTML 생성**
- GWS 인증 확인(`ws.choi@project-rent.com`), 최근 3일 메일 15건 수집·분류, 업무 메일 13건에 `업무` 레이블 적용
- 4개 캘린더 일정 + 송금 일정 키워드 검색 수집
- HTML 저장 & 브라우저 자동 열기: `40-personal/41-daily/2026-06/morning-2026-06-28.html`
- *(프로젝트 email-history.md 파일은 현재 없어 해당 섹션은 생략, 대신 세컨드브레인 할일 9건 반영)*

**2·3단계 — 텔레그램 발송 완료** (`@brocallmebot` / chat_id 8123576679 / message_id 243)
> ⚠️ 작업 지시의 curl에는 봇 토큰이 비어 있어, `morning-telegram.sh` 규칙대로 `.env`의 `DAILY_REPORT_MANAGER_BOT_TOKEN`을 사용했습니다.

### 오늘의 핵심 요약 (6/28 일)
| 구분 | 내용 |
|---|---|
| 🔴 긴급 | **구리창고1 임대료 1,760,000원** 송금 (오늘 09:00) |
| 🟡 회신 필요 5건 | 투자 계약서 v1.1(최민석)·KBO 팝업 의사결정(배성원)·코스맥스 견적(김재희)·세스크멘슬 코엑스 H104 2건(김가은) |
| 📋 발신 회신대기 3건 | 삼성인력개발원·IP제휴·하나은행 대출연장 |
| 📅 일정 | 오늘 1건(송금) / 내일 4건(주차예약·송금·답십리 전기시공·밀본코리아 강의 사전미팅) |
| 💰 송금 | 오늘 구리창고1 / 내일 본점+올드타운 8,932,000원(박정아) |

**참고할 점:** 회신 필요 5건 중 3건이 **세스크멘슬·KBO 등 마감 압박 건**입니다. 특히 배성원 이사의 KBO 메일은 "현지 준비기간이 매우 제한적"이라 의사결정이 늦을수록 리스크가 커지는 사안이라 우선순위를 위로 잡아두었습니다.
[Sun Jun 28 14:51:55 KST 2026] morning-telegram 완료
